*** Starting uWSGI 2.0.13.1 (64bit) on [Thu Aug 11 17:56:41 2016] ***
compiled with version: 4.8.4 on 11 August 2016 15:05:36
os: Linux-3.13.0-74-generic #118-Ubuntu SMP Thu Dec 17 22:52:10 UTC 2015
nodename: ip-172-31-19-121
machine: x86_64
clock source: unix
detected number of CPU cores: 1
current working directory: /home/ubuntu/Dcount
detected binary path: /usr/local/bin/uwsgi
!!! no internal routing support, rebuild with pcre support !!!
*** WARNING: you are running uWSGI without its master process manager ***
your processes number limit is 7862
your memory page size is 4096 bytes
detected max file descriptor number: 1024
lock engine: pthread robust mutexes
thunder lock: disabled (you can enable it with --thunder-lock)
uwsgi socket 0 bound to UNIX address dcount.sock fd 3
Python version: 2.7.6 (default, Jun 22 2015, 18:01:27)  [GCC 4.8.2]
*** Python threads support is disabled. You can enable it with --enable-threads ***
Python main interpreter initialized at 0x10c94c0
your server socket listen backlog is limited to 100 connections
your mercy for graceful operations on workers is 60 seconds
mapped 72760 bytes (71 KB) for 1 cores
*** Operational MODE: single process ***
WSGI app 0 (mountpoint='') ready in 0 seconds on interpreter 0x10c94c0 pid: 1309 (default app)
*** uWSGI is running in multiple interpreter mode ***
spawned uWSGI worker 1 (and the only) (pid: 1309, cores: 1)
Not Found: /
[pid: 1309|app: 0|req: 1/1] 114.24.20.62 () {42 vars in 736 bytes} [Thu Aug 11 17:56:50 2016] GET / => generated 2014 bytes in 53 msecs (HTTP/1.1 404) 2 headers in 80 bytes (1 switches on core 0)
